<?xml version="1.0" encoding="UTF-8"?>
<testng-results skipped="0" failed="0" ignored="0" total="1" passed="1">
  <reporter-output>
  </reporter-output>
  <suite name="Default suite" duration-ms="11554" started-at="2021-06-26T13:56:10 CEST" finished-at="2021-06-26T13:56:22 CEST">
    <groups>
    </groups>
    <test name="Default test" duration-ms="11554" started-at="2021-06-26T13:56:10 CEST" finished-at="2021-06-26T13:56:22 CEST">
      <class name="Formation.StaticDropdown">
        <test-method status="PASS" signature="init()[pri:0, instance:Formation.StaticDropdown@54422e18]" name="init" duration-ms="11507" started-at="2021-06-26T13:56:10 CEST" finished-at="2021-06-26T13:56:22 CEST">
          <reporter-output>
          </reporter-output>
        </test-method> <!-- init -->
      </class> <!-- Formation.StaticDropdown -->
    </test> <!-- Default test -->
  </suite> <!-- Default suite -->
</testng-results>
